[debug] [2020-08-17T16:08:08.494Z] ----------------------------------------------------------------------
[debug] [2020-08-17T16:08:08.495Z] Command:       /usr/bin/node /usr/bin/firebase deploy
[debug] [2020-08-17T16:08:08.495Z] CLI Version:   8.7.0
[debug] [2020-08-17T16:08:08.496Z] Platform:      linux
[debug] [2020-08-17T16:08:08.496Z] Node Version:  v14.7.0
[debug] [2020-08-17T16:08:08.496Z] Time:          Mon Aug 17 2020 21:38:08 GMT+0530 (India Standard Time)
[debug] [2020-08-17T16:08:08.496Z] ----------------------------------------------------------------------
[debug] [2020-08-17T16:08:08.496Z] 
[debug] [2020-08-17T16:08:08.505Z] > command requires scopes: ["email","openid","https://www.googleapis.com/auth/cloudplatformprojects.readonly","https://www.googleapis.com/auth/firebase","https://www.googleapis.com/auth/cloud-platform"]
[debug] [2020-08-17T16:08:08.505Z] > authorizing via signed-in user
[debug] [2020-08-17T16:08:08.505Z] [iam] checking project jaivik-zayka-1355c for permissions ["firebase.projects.get","firebasehosting.sites.update"]
[debug] [2020-08-17T16:08:08.507Z] > refreshing access token with scopes: ["email","https://www.googleapis.com/auth/cloud-platform","https://www.googleapis.com/auth/cloudplatformprojects.readonly","https://www.googleapis.com/auth/firebase","openid"]
[debug] [2020-08-17T16:08:08.507Z] >>> HTTP REQUEST POST https://www.googleapis.com/oauth2/v3/token  
 <request body omitted>
[debug] [2020-08-17T16:08:10.775Z] [iam] error while checking permissions, command may fail: FirebaseError: Authentication Error: Your credentials are no longer valid. Please run firebase login --reauth

For CI servers and headless environments, generate a new token with firebase login:ci
[debug] [2020-08-17T16:08:10.776Z] > refreshing access token with scopes: ["email","https://www.googleapis.com/auth/cloud-platform","https://www.googleapis.com/auth/cloudplatformprojects.readonly","https://www.googleapis.com/auth/firebase","openid"]
[debug] [2020-08-17T16:08:10.777Z] >>> HTTP REQUEST POST https://www.googleapis.com/oauth2/v3/token  
 <request body omitted>
[debug] [2020-08-17T16:08:13.844Z] Authentication Error: Your credentials are no longer valid. Please run firebase login --reauth

For CI servers and headless environments, generate a new token with firebase login:ci
[debug] [2020-08-17T16:08:16.917Z] FirebaseError: Authentication Error: Your credentials are no longer valid. Please run firebase login --reauth

For CI servers and headless environments, generate a new token with firebase login:ci
    at Object.<anonymous> (/usr/lib/node_modules/firebase-tools/lib/auth.js:23:32)
    at Module._compile (internal/modules/cjs/loader.js:1256:30)
    at Object.Module._extensions..js (internal/modules/cjs/loader.js:1277:10)
    at Module.load (internal/modules/cjs/loader.js:1105:32)
    at Function.Module._load (internal/modules/cjs/loader.js:967:14)
    at Module.require (internal/modules/cjs/loader.js:1145:19)
    at require (internal/modules/cjs/helpers.js:75:18)
    at Object.<anonymous> (/usr/lib/node_modules/firebase-tools/lib/commands/login.js:20:14)
    at Module._compile (internal/modules/cjs/loader.js:1256:30)
    at Object.Module._extensions..js (internal/modules/cjs/loader.js:1277:10)
    at Module.load (internal/modules/cjs/loader.js:1105:32)
    at Function.Module._load (internal/modules/cjs/loader.js:967:14)
    at Module.require (internal/modules/cjs/loader.js:1145:19)
    at require (internal/modules/cjs/helpers.js:75:18)
    at loadCommand (/usr/lib/node_modules/firebase-tools/lib/commands/index.js:5:19)
    at module.exports (/usr/lib/node_modules/firebase-tools/lib/commands/index.js:89:20)
[error] 
[error] Error: Failed to get Firebase project jaivik-zayka-1355c. Please make sure the project exists and your account has permission to access it.
[debug] [2020-08-17T16:08:30.360Z] ----------------------------------------------------------------------
[debug] [2020-08-17T16:08:30.361Z] Command:       /usr/bin/node /usr/bin/firebase deploy
[debug] [2020-08-17T16:08:30.362Z] CLI Version:   8.7.0
[debug] [2020-08-17T16:08:30.362Z] Platform:      linux
[debug] [2020-08-17T16:08:30.362Z] Node Version:  v14.7.0
[debug] [2020-08-17T16:08:30.362Z] Time:          Mon Aug 17 2020 21:38:30 GMT+0530 (India Standard Time)
[debug] [2020-08-17T16:08:30.362Z] ----------------------------------------------------------------------
[debug] [2020-08-17T16:08:30.362Z] 
[debug] [2020-08-17T16:08:30.370Z] > command requires scopes: ["email","openid","https://www.googleapis.com/auth/cloudplatformprojects.readonly","https://www.googleapis.com/auth/firebase","https://www.googleapis.com/auth/cloud-platform"]
[debug] [2020-08-17T16:08:30.370Z] > authorizing via signed-in user
[debug] [2020-08-17T16:08:30.370Z] [iam] checking project jaivik-zayka-1355c for permissions ["firebase.projects.get","firebasehosting.sites.update"]
[debug] [2020-08-17T16:08:30.372Z] > refreshing access token with scopes: ["email","https://www.googleapis.com/auth/cloud-platform","https://www.googleapis.com/auth/cloudplatformprojects.readonly","https://www.googleapis.com/auth/firebase","openid"]
[debug] [2020-08-17T16:08:30.372Z] >>> HTTP REQUEST POST https://www.googleapis.com/oauth2/v3/token  
 <request body omitted>
[debug] [2020-08-17T16:08:32.823Z] [iam] error while checking permissions, command may fail: FirebaseError: Authentication Error: Your credentials are no longer valid. Please run firebase login --reauth

For CI servers and headless environments, generate a new token with firebase login:ci
[debug] [2020-08-17T16:08:32.825Z] > refreshing access token with scopes: ["email","https://www.googleapis.com/auth/cloud-platform","https://www.googleapis.com/auth/cloudplatformprojects.readonly","https://www.googleapis.com/auth/firebase","openid"]
[debug] [2020-08-17T16:08:32.825Z] >>> HTTP REQUEST POST https://www.googleapis.com/oauth2/v3/token  
 <request body omitted>
[debug] [2020-08-17T16:08:35.892Z] Authentication Error: Your credentials are no longer valid. Please run firebase login --reauth

For CI servers and headless environments, generate a new token with firebase login:ci
